Сборка начата 20.11.2024 0:04:49.
Уровень детализации журнала: Normal.     1>Проект "C:\ОАИП лабы\Lab12_Var3.1\Lab12_Var3.1.vcxproj" в узле 2 (целевые объекты Build).
     1>PrepareForBuild:
         Структурированный вывод включен. Форматирование диагностики компилятора будет отражать иерархию ошибок. Подробнее см. https://aka.ms/cpp/structured-output.
       InitializeBuildStatus:
         Создание "Lab12_Var3.1\x64\Debug\Lab12_Var3.1.tlog\unsuccessfulbuild", так как было задано "AlwaysCreate".
         Обращение к "Lab12_Var3.1\x64\Debug\Lab12_Var3.1.tlog\unsuccessfulbuild".
       ClCompile:
         C:\Program Files\Microsoft Visual Studio\2022\Community\VC\Tools\MSVC\14.41.34120\bin\HostX64\x64\CL.exe /c /ZI /JMC /nologo /W3 /WX- /diagnostics:column /sdl /Od /D _DEBUG /D _CONSOLE /D _UNICODE /D UNICODE /Gm- /EHsc /RTC1 /MDd /GS /fp:precise /Zc:wchar_t /Zc:forScope /Zc:inline /permissive- /Fo"Lab12_Var3.1\x64\Debug\\" /Fd"Lab12_Var3.1\x64\Debug\vc143.pdb" /external:W3 /Gd /TP /FC /errorReport:prompt Lab12_Var3.1.cpp
         Lab12_Var3.1.cpp
     1>C:\ОАИП лабы\Lab12_Var3.1\Lab12_Var3.1.cpp(5,6): warning C4326: возвращаемый тип "main" должен быть "int", а не "void"
       Link:
         C:\Program Files\Microsoft Visual Studio\2022\Community\VC\Tools\MSVC\14.41.34120\bin\HostX64\x64\link.exe /ERRORREPORT:PROMPT /OUT:"C:\ОАИП лабы\Lab12_Var3.1\x64\Debug\Lab12_Var3.1.exe" /INCREMENTAL /ILK:"Lab12_Var3.1\x64\Debug\Lab12_Var3.1.ilk" /NOLOGO kernel32.lib user32.lib gdi32.lib winspool.lib comdlg32.lib advapi32.lib shell32.lib ole32.lib oleaut32.lib uuid.lib odbc32.lib odbccp32.lib /MANIFEST /MANIFESTUAC:"level='asInvoker' uiAccess='false'" /manifest:embed /DEBUG /PDB:"C:\ОАИП лабы\Lab12_Var3.1\x64\Debug\Lab12_Var3.1.pdb" /SUBSYSTEM:CONSOLE /TLBID:1 /DYNAMICBASE /NXCOMPAT /IMPLIB:"C:\ОАИП лабы\Lab12_Var3.1\x64\Debug\Lab12_Var3.1.lib" /MACHINE:X64 Lab12_Var3.1\x64\Debug\Lab12_Var3.1.obj
         Lab12_Var3.1.vcxproj -> C:\ОАИП лабы\Lab12_Var3.1\x64\Debug\Lab12_Var3.1.exe
       FinalizeBuildStatus:
         Файл "Lab12_Var3.1\x64\Debug\Lab12_Var3.1.tlog\unsuccessfulbuild" удаляется.
         Обращение к "Lab12_Var3.1\x64\Debug\Lab12_Var3.1.tlog\Lab12_Var3.1.lastbuildstate".
     1>Сборка проекта "C:\ОАИП лабы\Lab12_Var3.1\Lab12_Var3.1.vcxproj" завершена (целевые объекты Build).

Сборка успешно завершена.

       "C:\ОАИП лабы\Lab12_Var3.1\Lab12_Var3.1.vcxproj" (целевой объект Build ) (1) ->
       (Целевой объект ClCompile) -> 
         C:\ОАИП лабы\Lab12_Var3.1\Lab12_Var3.1.cpp(5,6): warning C4326: возвращаемый тип "main" должен быть "int", а не "void"

    Предупреждений: 1
    Ошибок: 0

Прошло времени 00:00:00.98
