  Dop_V11.cpp
C:\Users\Misha\Desktop\FIT\OAIP\labs\Lab_16\Dop_V11\Dop_V11.cpp(24,11): warning C4566: символ, представленный универсальным именем символа "\u00C2", невозможно представить в текущей кодовой странице (1251)
C:\Users\Misha\Desktop\FIT\OAIP\labs\Lab_16\Dop_V11\Dop_V11.cpp(24,11): warning C4566: символ, представленный универсальным именем символа "\u00FB", невозможно представить в текущей кодовой странице (1251)
C:\Users\Misha\Desktop\FIT\OAIP\labs\Lab_16\Dop_V11\Dop_V11.cpp(24,11): warning C4566: символ, представленный универсальным именем символа "\u00E1", невозможно представить в текущей кодовой странице (1251)
C:\Users\Misha\Desktop\FIT\OAIP\labs\Lab_16\Dop_V11\Dop_V11.cpp(24,11): warning C4566: символ, представленный универсальным именем символа "\u00E5", невозможно представить в текущей кодовой странице (1251)
C:\Users\Misha\Desktop\FIT\OAIP\labs\Lab_16\Dop_V11\Dop_V11.cpp(24,11): warning C4566: символ, представленный универсальным именем символа "\u00F0", невозможно представить в текущей кодовой странице (1251)
C:\Users\Misha\Desktop\FIT\OAIP\labs\Lab_16\Dop_V11\Dop_V11.cpp(24,11): warning C4566: символ, представленный универсальным именем символа "\u00E8", невозможно представить в текущей кодовой странице (1251)
C:\Users\Misha\Desktop\FIT\OAIP\labs\Lab_16\Dop_V11\Dop_V11.cpp(24,11): warning C4566: символ, представленный универсальным именем символа "\u00F2", невозможно представить в текущей кодовой странице (1251)
C:\Users\Misha\Desktop\FIT\OAIP\labs\Lab_16\Dop_V11\Dop_V11.cpp(24,11): warning C4566: символ, представленный универсальным именем символа "\u00E2", невозможно представить в текущей кодовой странице (1251)
C:\Users\Misha\Desktop\FIT\OAIP\labs\Lab_16\Dop_V11\Dop_V11.cpp(24,11): warning C4566: символ, представленный универсальным именем символа "\u00E0", невозможно представить в текущей кодовой странице (1251)
C:\Users\Misha\Desktop\FIT\OAIP\labs\Lab_16\Dop_V11\Dop_V11.cpp(24,11): warning C4566: символ, представленный универсальным именем символа "\u00ED", невозможно представить в текущей кодовой странице (1251)
C:\Users\Misha\Desktop\FIT\OAIP\labs\Lab_16\Dop_V11\Dop_V11.cpp(24,11): warning C4566: символ, представленный универсальным именем символа "\u00EE", невозможно представить в текущей кодовой странице (1251)
C:\Users\Misha\Desktop\FIT\OAIP\labs\Lab_16\Dop_V11\Dop_V11.cpp(25,11): warning C4566: символ, представленный универсальным именем символа "\u00F1", невозможно представить в текущей кодовой странице (1251)
C:\Users\Misha\Desktop\FIT\OAIP\labs\Lab_16\Dop_V11\Dop_V11.cpp(25,11): warning C4566: символ, представленный универсальным именем символа "\u00EC", невозможно представить в текущей кодовой странице (1251)
C:\Users\Misha\Desktop\FIT\OAIP\labs\Lab_16\Dop_V11\Dop_V11.cpp(25,11): warning C4566: символ, представленный универсальным именем символа "\u00E0", невозможно представить в текущей кодовой странице (1251)
C:\Users\Misha\Desktop\FIT\OAIP\labs\Lab_16\Dop_V11\Dop_V11.cpp(25,11): warning C4566: символ, представленный универсальным именем символа "\u00F2", невозможно представить в текущей кодовой странице (1251)
C:\Users\Misha\Desktop\FIT\OAIP\labs\Lab_16\Dop_V11\Dop_V11.cpp(25,11): warning C4566: символ, представленный универсальным именем символа "\u00F0", невозможно представить в текущей кодовой странице (1251)
C:\Users\Misha\Desktop\FIT\OAIP\labs\Lab_16\Dop_V11\Dop_V11.cpp(25,11): warning C4566: символ, представленный универсальным именем символа "\u00E8", невозможно представить в текущей кодовой странице (1251)
C:\Users\Misha\Desktop\FIT\OAIP\labs\Lab_16\Dop_V11\Dop_V11.cpp(25,11): warning C4566: символ, представленный универсальным именем символа "\u00F6", невозможно представить в текущей кодовой странице (1251)
C:\Users\Misha\Desktop\FIT\OAIP\labs\Lab_16\Dop_V11\Dop_V11.cpp(25,11): warning C4566: символ, представленный универсальным именем символа "\u00E5", невозможно представить в текущей кодовой странице (1251)
C:\Users\Misha\Desktop\FIT\OAIP\labs\Lab_16\Dop_V11\Dop_V11.cpp(25,11): warning C4566: символ, представленный универсальным именем символа "\u00E9", невозможно представить в текущей кодовой странице (1251)
C:\Users\Misha\Desktop\FIT\OAIP\labs\Lab_16\Dop_V11\Dop_V11.cpp(26,11): warning C4566: символ, представленный универсальным именем символа "\u00F1", невозможно представить в текущей кодовой странице (1251)
C:\Users\Misha\Desktop\FIT\OAIP\labs\Lab_16\Dop_V11\Dop_V11.cpp(26,11): warning C4566: символ, представленный универсальным именем символа "\u00EE", невозможно представить в текущей кодовой странице (1251)
C:\Users\Misha\Desktop\FIT\OAIP\labs\Lab_16\Dop_V11\Dop_V11.cpp(26,11): warning C4566: символ, представленный универсальным именем символа "\u00F2", невозможно представить в текущей кодовой странице (1251)
C:\Users\Misha\Desktop\FIT\OAIP\labs\Lab_16\Dop_V11\Dop_V11.cpp(26,11): warning C4566: символ, представленный универсальным именем символа "\u00F0", невозможно представить в текущей кодовой странице (1251)
C:\Users\Misha\Desktop\FIT\OAIP\labs\Lab_16\Dop_V11\Dop_V11.cpp(26,11): warning C4566: символ, представленный универсальным именем символа "\u00EA", невозможно представить в текущей кодовой странице (1251)
C:\Users\Misha\Desktop\FIT\OAIP\labs\Lab_16\Dop_V11\Dop_V11.cpp(26,11): warning C4566: символ, представленный универсальным именем символа "\u00E9", невозможно представить в текущей кодовой странице (1251)
C:\Users\Misha\Desktop\FIT\OAIP\labs\Lab_16\Dop_V11\Dop_V11.cpp(27,11): warning C4566: символ, представленный универсальным именем символа "\u00E2", невозможно представить в текущей кодовой странице (1251)
C:\Users\Misha\Desktop\FIT\OAIP\labs\Lab_16\Dop_V11\Dop_V11.cpp(27,11): warning C4566: символ, представленный универсальным именем символа "\u00FB", невозможно представить в текущей кодовой странице (1251)
C:\Users\Misha\Desktop\FIT\OAIP\labs\Lab_16\Dop_V11\Dop_V11.cpp(27,11): warning C4566: символ, представленный универсальным именем символа "\u00F5", невозможно представить в текущей кодовой странице (1251)
C:\Users\Misha\Desktop\FIT\OAIP\labs\Lab_16\Dop_V11\Dop_V11.cpp(27,11): warning C4566: символ, представленный универсальным именем символа "\u00EE", невозможно представить в текущей кодовой странице (1251)
C:\Users\Misha\Desktop\FIT\OAIP\labs\Lab_16\Dop_V11\Dop_V11.cpp(27,11): warning C4566: символ, представленный универсальным именем символа "\u00E4", невозможно представить в текущей кодовой странице (1251)
C:\Users\Misha\Desktop\FIT\OAIP\labs\Lab_16\Dop_V11\Dop_V11.cpp(37,12): warning C4566: символ, представленный универсальным именем символа "\u00C2", невозможно представить в текущей кодовой странице (1251)
C:\Users\Misha\Desktop\FIT\OAIP\labs\Lab_16\Dop_V11\Dop_V11.cpp(37,12): warning C4566: символ, представленный универсальным именем символа "\u00E2", невозможно представить в текущей кодовой странице (1251)
C:\Users\Misha\Desktop\FIT\OAIP\labs\Lab_16\Dop_V11\Dop_V11.cpp(37,12): warning C4566: символ, представленный универсальным именем символа "\u00E5", невозможно представить в текущей кодовой странице (1251)
C:\Users\Misha\Desktop\FIT\OAIP\labs\Lab_16\Dop_V11\Dop_V11.cpp(37,12): warning C4566: символ, представленный универсальным именем символа "\u00E4", невозможно представить в текущей кодовой странице (1251)
C:\Users\Misha\Desktop\FIT\OAIP\labs\Lab_16\Dop_V11\Dop_V11.cpp(37,12): warning C4566: символ, представленный универсальным именем символа "\u00E8", невозможно представить в текущей кодовой странице (1251)
C:\Users\Misha\Desktop\FIT\OAIP\labs\Lab_16\Dop_V11\Dop_V11.cpp(37,12): warning C4566: символ, представленный универсальным именем символа "\u00F2", невозможно представить в текущей кодовой странице (1251)
C:\Users\Misha\Desktop\FIT\OAIP\labs\Lab_16\Dop_V11\Dop_V11.cpp(37,12): warning C4566: символ, представленный универсальным именем символа "\u00F7", невозможно представить в текущей кодовой странице (1251)
C:\Users\Misha\Desktop\FIT\OAIP\labs\Lab_16\Dop_V11\Dop_V11.cpp(37,12): warning C4566: символ, представленный универсальным именем символа "\u00F1", невозможно представить в текущей кодовой странице (1251)
C:\Users\Misha\Desktop\FIT\OAIP\labs\Lab_16\Dop_V11\Dop_V11.cpp(37,12): warning C4566: символ, представленный универсальным именем символа "\u00EB", невозможно представить в текущей кодовой странице (1251)
C:\Users\Misha\Desktop\FIT\OAIP\labs\Lab_16\Dop_V11\Dop_V11.cpp(37,12): warning C4566: символ, представленный универсальным именем символа "\u00EE", невозможно представить в текущей кодовой странице (1251)
C:\Users\Misha\Desktop\FIT\OAIP\labs\Lab_16\Dop_V11\Dop_V11.cpp(37,12): warning C4566: символ, представленный универсальным именем символа "\u00F0", невозможно представить в текущей кодовой странице (1251)
C:\Users\Misha\Desktop\FIT\OAIP\labs\Lab_16\Dop_V11\Dop_V11.cpp(37,12): warning C4566: символ, представленный универсальным именем символа "\u00EA", невозможно представить в текущей кодовой странице (1251)
C:\Users\Misha\Desktop\FIT\OAIP\labs\Lab_16\Dop_V11\Dop_V11.cpp(39,12): warning C4566: символ, представленный универсальным именем символа "\u00C2", невозможно представить в текущей кодовой странице (1251)
C:\Users\Misha\Desktop\FIT\OAIP\labs\Lab_16\Dop_V11\Dop_V11.cpp(39,12): warning C4566: символ, представленный универсальным именем символа "\u00E2", невозможно представить в текущей кодовой странице (1251)
C:\Users\Misha\Desktop\FIT\OAIP\labs\Lab_16\Dop_V11\Dop_V11.cpp(39,12): warning C4566: символ, представленный универсальным именем символа "\u00E5", невозможно представить в текущей кодовой странице (1251)
C:\Users\Misha\Desktop\FIT\OAIP\labs\Lab_16\Dop_V11\Dop_V11.cpp(39,12): warning C4566: символ, представленный универсальным именем символа "\u00E4", невозможно представить в текущей кодовой странице (1251)
C:\Users\Misha\Desktop\FIT\OAIP\labs\Lab_16\Dop_V11\Dop_V11.cpp(39,12): warning C4566: символ, представленный универсальным именем символа "\u00E8", невозможно представить в текущей кодовой странице (1251)
C:\Users\Misha\Desktop\FIT\OAIP\labs\Lab_16\Dop_V11\Dop_V11.cpp(39,12): warning C4566: символ, представленный универсальным именем символа "\u00F2", невозможно представить в текущей кодовой странице (1251)
C:\Users\Misha\Desktop\FIT\OAIP\labs\Lab_16\Dop_V11\Dop_V11.cpp(39,12): warning C4566: символ, представленный универсальным именем символа "\u00F7", невозможно представить в текущей кодовой странице (1251)
C:\Users\Misha\Desktop\FIT\OAIP\labs\Lab_16\Dop_V11\Dop_V11.cpp(39,12): warning C4566: символ, представленный универсальным именем символа "\u00F1", невозможно представить в текущей кодовой странице (1251)
C:\Users\Misha\Desktop\FIT\OAIP\labs\Lab_16\Dop_V11\Dop_V11.cpp(39,12): warning C4566: символ, представленный универсальным именем символа "\u00EB", невозможно представить в текущей кодовой странице (1251)
C:\Users\Misha\Desktop\FIT\OAIP\labs\Lab_16\Dop_V11\Dop_V11.cpp(39,12): warning C4566: символ, представленный универсальным именем символа "\u00EE", невозможно представить в текущей кодовой странице (1251)
C:\Users\Misha\Desktop\FIT\OAIP\labs\Lab_16\Dop_V11\Dop_V11.cpp(39,12): warning C4566: символ, представленный универсальным именем символа "\u00E1", невозможно представить в текущей кодовой странице (1251)
C:\Users\Misha\Desktop\FIT\OAIP\labs\Lab_16\Dop_V11\Dop_V11.cpp(39,12): warning C4566: символ, представленный универсальным именем символа "\u00F6", невозможно представить в текущей кодовой странице (1251)
C:\Users\Misha\Desktop\FIT\OAIP\labs\Lab_16\Dop_V11\Dop_V11.cpp(46,12): warning C4566: символ, представленный универсальным именем символа "\u00C2", невозможно представить в текущей кодовой странице (1251)
C:\Users\Misha\Desktop\FIT\OAIP\labs\Lab_16\Dop_V11\Dop_V11.cpp(46,12): warning C4566: символ, представленный универсальным именем символа "\u00E2", невозможно представить в текущей кодовой странице (1251)
C:\Users\Misha\Desktop\FIT\OAIP\labs\Lab_16\Dop_V11\Dop_V11.cpp(46,12): warning C4566: символ, представленный универсальным именем символа "\u00E5", невозможно представить в текущей кодовой странице (1251)
C:\Users\Misha\Desktop\FIT\OAIP\labs\Lab_16\Dop_V11\Dop_V11.cpp(46,12): warning C4566: символ, представленный универсальным именем символа "\u00E4", невозможно представить в текущей кодовой странице (1251)
C:\Users\Misha\Desktop\FIT\OAIP\labs\Lab_16\Dop_V11\Dop_V11.cpp(46,12): warning C4566: символ, представленный универсальным именем символа "\u00E8", невозможно представить в текущей кодовой странице (1251)
C:\Users\Misha\Desktop\FIT\OAIP\labs\Lab_16\Dop_V11\Dop_V11.cpp(46,12): warning C4566: символ, представленный универсальным именем символа "\u00F2", невозможно представить в текущей кодовой странице (1251)
C:\Users\Misha\Desktop\FIT\OAIP\labs\Lab_16\Dop_V11\Dop_V11.cpp(46,12): warning C4566: символ, представленный универсальным именем символа "\u00EC", невозможно представить в текущей кодовой странице (1251)
C:\Users\Misha\Desktop\FIT\OAIP\labs\Lab_16\Dop_V11\Dop_V11.cpp(46,12): warning C4566: символ, представленный универсальным именем символа "\u00E0", невозможно представить в текущей кодовой странице (1251)
C:\Users\Misha\Desktop\FIT\OAIP\labs\Lab_16\Dop_V11\Dop_V11.cpp(46,12): warning C4566: символ, представленный универсальным именем символа "\u00F0", невозможно представить в текущей кодовой странице (1251)
C:\Users\Misha\Desktop\FIT\OAIP\labs\Lab_16\Dop_V11\Dop_V11.cpp(46,12): warning C4566: символ, представленный универсальным именем символа "\u00F6", невозможно представить в текущей кодовой странице (1251)
C:\Users\Misha\Desktop\FIT\OAIP\labs\Lab_16\Dop_V11\Dop_V11.cpp(46,12): warning C4566: символ, представленный универсальным именем символа "\u00F3", невозможно представить в текущей кодовой странице (1251)
C:\Users\Misha\Desktop\FIT\OAIP\labs\Lab_16\Dop_V11\Dop_V11.cpp(55,12): warning C4566: символ, представленный универсальным именем символа "\u00C8", невозможно представить в текущей кодовой странице (1251)
C:\Users\Misha\Desktop\FIT\OAIP\labs\Lab_16\Dop_V11\Dop_V11.cpp(55,12): warning C4566: символ, представленный универсальным именем символа "\u00F1", невозможно представить в текущей кодовой странице (1251)
C:\Users\Misha\Desktop\FIT\OAIP\labs\Lab_16\Dop_V11\Dop_V11.cpp(55,12): warning C4566: символ, представленный универсальным именем символа "\u00F5", невозможно представить в текущей кодовой странице (1251)
C:\Users\Misha\Desktop\FIT\OAIP\labs\Lab_16\Dop_V11\Dop_V11.cpp(55,12): warning C4566: символ, представленный универсальным именем символа "\u00EE", невозможно представить в текущей кодовой странице (1251)
C:\Users\Misha\Desktop\FIT\OAIP\labs\Lab_16\Dop_V11\Dop_V11.cpp(55,12): warning C4566: символ, представленный универсальным именем символа "\u00E4", невозможно представить в текущей кодовой странице (1251)
C:\Users\Misha\Desktop\FIT\OAIP\labs\Lab_16\Dop_V11\Dop_V11.cpp(55,12): warning C4566: символ, представленный универсальным именем символа "\u00ED", невозможно представить в текущей кодовой странице (1251)
C:\Users\Misha\Desktop\FIT\OAIP\labs\Lab_16\Dop_V11\Dop_V11.cpp(55,12): warning C4566: символ, представленный универсальным именем символа "\u00E0", невозможно представить в текущей кодовой странице (1251)
C:\Users\Misha\Desktop\FIT\OAIP\labs\Lab_16\Dop_V11\Dop_V11.cpp(55,12): warning C4566: символ, представленный универсальным именем символа "\u00FF", невозможно представить в текущей кодовой странице (1251)
C:\Users\Misha\Desktop\FIT\OAIP\labs\Lab_16\Dop_V11\Dop_V11.cpp(55,12): warning C4566: символ, представленный универсальным именем символа "\u00EC", невозможно представить в текущей кодовой странице (1251)
C:\Users\Misha\Desktop\FIT\OAIP\labs\Lab_16\Dop_V11\Dop_V11.cpp(55,12): warning C4566: символ, представленный универсальным именем символа "\u00F2", невозможно представить в текущей кодовой странице (1251)
C:\Users\Misha\Desktop\FIT\OAIP\labs\Lab_16\Dop_V11\Dop_V11.cpp(55,12): warning C4566: символ, представленный универсальным именем символа "\u00F0", невозможно представить в текущей кодовой странице (1251)
C:\Users\Misha\Desktop\FIT\OAIP\labs\Lab_16\Dop_V11\Dop_V11.cpp(55,12): warning C4566: символ, представленный универсальным именем символа "\u00E8", невозможно представить в текущей кодовой странице (1251)
C:\Users\Misha\Desktop\FIT\OAIP\labs\Lab_16\Dop_V11\Dop_V11.cpp(55,12): warning C4566: символ, представленный универсальным именем символа "\u00F6", невозможно представить в текущей кодовой странице (1251)
C:\Users\Misha\Desktop\FIT\OAIP\labs\Lab_16\Dop_V11\Dop_V11.cpp(90,12): warning C4566: символ, представленный универсальным именем символа "\u00CC", невозможно представить в текущей кодовой странице (1251)
C:\Users\Misha\Desktop\FIT\OAIP\labs\Lab_16\Dop_V11\Dop_V11.cpp(90,12): warning C4566: символ, представленный универсальным именем символа "\u00E0", невозможно представить в текущей кодовой странице (1251)
C:\Users\Misha\Desktop\FIT\OAIP\labs\Lab_16\Dop_V11\Dop_V11.cpp(90,12): warning C4566: символ, представленный универсальным именем символа "\u00EA", невозможно представить в текущей кодовой странице (1251)
C:\Users\Misha\Desktop\FIT\OAIP\labs\Lab_16\Dop_V11\Dop_V11.cpp(90,12): warning C4566: символ, представленный универсальным именем символа "\u00F1", невозможно представить в текущей кодовой странице (1251)
C:\Users\Misha\Desktop\FIT\OAIP\labs\Lab_16\Dop_V11\Dop_V11.cpp(90,12): warning C4566: символ, представленный универсальным именем символа "\u00E8", невозможно представить в текущей кодовой странице (1251)
C:\Users\Misha\Desktop\FIT\OAIP\labs\Lab_16\Dop_V11\Dop_V11.cpp(90,12): warning C4566: символ, представленный универсальным именем символа "\u00EC", невозможно представить в текущей кодовой странице (1251)
C:\Users\Misha\Desktop\FIT\OAIP\labs\Lab_16\Dop_V11\Dop_V11.cpp(90,12): warning C4566: символ, представленный универсальным именем символа "\u00EB", невозможно представить в текущей кодовой странице (1251)
C:\Users\Misha\Desktop\FIT\OAIP\labs\Lab_16\Dop_V11\Dop_V11.cpp(90,12): warning C4566: символ, представленный универсальным именем символа "\u00FC", невозможно представить в текущей кодовой странице (1251)
C:\Users\Misha\Desktop\FIT\OAIP\labs\Lab_16\Dop_V11\Dop_V11.cpp(90,12): warning C4566: символ, представленный универсальным именем символа "\u00ED", невозможно представить в текущей кодовой странице (1251)
C:\Users\Misha\Desktop\FIT\OAIP\labs\Lab_16\Dop_V11\Dop_V11.cpp(90,12): warning C4566: символ, представленный универсальным именем символа "\u00FB", невозможно представить в текущей кодовой странице (1251)
C:\Users\Misha\Desktop\FIT\OAIP\labs\Lab_16\Dop_V11\Dop_V11.cpp(90,12): warning C4566: символ, представленный универсальным именем символа "\u00E9", невозможно представить в текущей кодовой странице (1251)
C:\Users\Misha\Desktop\FIT\OAIP\labs\Lab_16\Dop_V11\Dop_V11.cpp(90,12): warning C4566: символ, представленный универсальным именем символа "\u00FD", невозможно представить в текущей кодовой странице (1251)
C:\Users\Misha\Desktop\FIT\OAIP\labs\Lab_16\Dop_V11\Dop_V11.cpp(90,12): warning C4566: символ, представленный универсальным именем символа "\u00E5", невозможно представить в текущей кодовой странице (1251)
C:\Users\Misha\Desktop\FIT\OAIP\labs\Lab_16\Dop_V11\Dop_V11.cpp(90,12): warning C4566: символ, представленный универсальным именем символа "\u00F2", невозможно представить в текущей кодовой странице (1251)
C:\Users\Misha\Desktop\FIT\OAIP\labs\Lab_16\Dop_V11\Dop_V11.cpp(91,12): warning C4566: символ, представленный универсальным именем символа "\u00CF", невозможно представить в текущей кодовой странице (1251)
C:\Users\Misha\Desktop\FIT\OAIP\labs\Lab_16\Dop_V11\Dop_V11.cpp(91,12): warning C4566: символ, представленный универсальным именем символа "\u00EE", невозможно представить в текущей кодовой странице (1251)
C:\Users\Misha\Desktop\FIT\OAIP\labs\Lab_16\Dop_V11\Dop_V11.cpp(91,12): warning C4566: символ, представленный универсальным именем символа "\u00E7", невозможно представить в текущей кодовой странице (1251)
C:\Users\Misha\Desktop\FIT\OAIP\labs\Lab_16\Dop_V11\Dop_V11.cpp(91,12): warning C4566: символ, представленный универсальным именем символа "\u00E8", невозможно представить в текущей кодовой странице (1251)
C:\Users\Misha\Desktop\FIT\OAIP\labs\Lab_16\Dop_V11\Dop_V11.cpp(91,12): warning C4566: символ, представленный универсальным именем символа "\u00F6", невозможно представить в текущей кодовой странице (1251)
C:\Users\Misha\Desktop\FIT\OAIP\labs\Lab_16\Dop_V11\Dop_V11.cpp(91,12): warning C4566: символ, представленный универсальным именем символа "\u00EC", невозможно представить в текущей кодовой странице (1251)
C:\Users\Misha\Desktop\FIT\OAIP\labs\Lab_16\Dop_V11\Dop_V11.cpp(91,12): warning C4566: символ, представленный универсальным именем символа "\u00E0", невозможно представить в текущей кодовой странице (1251)
C:\Users\Misha\Desktop\FIT\OAIP\labs\Lab_16\Dop_V11\Dop_V11.cpp(91,12): warning C4566: символ, представленный универсальным именем символа "\u00EA", невозможно представить в текущей кодовой странице (1251)
C:\Users\Misha\Desktop\FIT\OAIP\labs\Lab_16\Dop_V11\Dop_V11.cpp(91,12): warning C4566: символ, представленный универсальным именем символа "\u00F1", невозможно представить в текущей кодовой странице (1251)
C:\Users\Misha\Desktop\FIT\OAIP\labs\Lab_16\Dop_V11\Dop_V11.cpp(91,12): warning C4566: символ, представленный универсальным именем символа "\u00EB", невозможно представить в текущей кодовой странице (1251)
C:\Users\Misha\Desktop\FIT\OAIP\labs\Lab_16\Dop_V11\Dop_V11.cpp(91,12): warning C4566: символ, представленный универсальным именем символа "\u00FC", невозможно представить в текущей кодовой странице (1251)
C:\Users\Misha\Desktop\FIT\OAIP\labs\Lab_16\Dop_V11\Dop_V11.cpp(91,12): warning C4566: символ, представленный универсальным именем символа "\u00ED", невозможно представить в текущей кодовой странице (1251)
C:\Users\Misha\Desktop\FIT\OAIP\labs\Lab_16\Dop_V11\Dop_V11.cpp(91,12): warning C4566: символ, представленный универсальным именем символа "\u00E3", невозможно представить в текущей кодовой странице (1251)
C:\Users\Misha\Desktop\FIT\OAIP\labs\Lab_16\Dop_V11\Dop_V11.cpp(91,12): warning C4566: символ, представленный универсальным именем символа "\u00FD", невозможно представить в текущей кодовой странице (1251)
C:\Users\Misha\Desktop\FIT\OAIP\labs\Lab_16\Dop_V11\Dop_V11.cpp(91,12): warning C4566: символ, представленный универсальным именем символа "\u00E5", невозможно представить в текущей кодовой странице (1251)
C:\Users\Misha\Desktop\FIT\OAIP\labs\Lab_16\Dop_V11\Dop_V11.cpp(91,12): warning C4566: символ, представленный универсальным именем символа "\u00F2", невозможно представить в текущей кодовой странице (1251)
C:\Users\Misha\Desktop\FIT\OAIP\labs\Lab_16\Dop_V11\Dop_V11.cpp(95,12): warning C4566: символ, представленный универсальным именем символа "\u00D1", невозможно представить в текущей кодовой странице (1251)
C:\Users\Misha\Desktop\FIT\OAIP\labs\Lab_16\Dop_V11\Dop_V11.cpp(95,12): warning C4566: символ, представленный универсальным именем символа "\u00F3", невозможно представить в текущей кодовой странице (1251)
C:\Users\Misha\Desktop\FIT\OAIP\labs\Lab_16\Dop_V11\Dop_V11.cpp(95,12): warning C4566: символ, представленный универсальным именем символа "\u00EC", невозможно представить в текущей кодовой странице (1251)
C:\Users\Misha\Desktop\FIT\OAIP\labs\Lab_16\Dop_V11\Dop_V11.cpp(95,12): warning C4566: символ, представленный универсальным именем символа "\u00E0", невозможно представить в текущей кодовой странице (1251)
C:\Users\Misha\Desktop\FIT\OAIP\labs\Lab_16\Dop_V11\Dop_V11.cpp(95,12): warning C4566: символ, представленный универсальным именем символа "\u00FD", невозможно представить в текущей кодовой странице (1251)
C:\Users\Misha\Desktop\FIT\OAIP\labs\Lab_16\Dop_V11\Dop_V11.cpp(95,12): warning C4566: символ, представленный универсальным именем символа "\u00EB", невозможно представить в текущей кодовой странице (1251)
C:\Users\Misha\Desktop\FIT\OAIP\labs\Lab_16\Dop_V11\Dop_V11.cpp(95,12): warning C4566: символ, представленный универсальным именем символа "\u00E5", невозможно представить в текущей кодовой странице (1251)
C:\Users\Misha\Desktop\FIT\OAIP\labs\Lab_16\Dop_V11\Dop_V11.cpp(95,12): warning C4566: символ, представленный универсальным именем символа "\u00ED", невозможно представить в текущей кодовой странице (1251)
C:\Users\Misha\Desktop\FIT\OAIP\labs\Lab_16\Dop_V11\Dop_V11.cpp(95,12): warning C4566: символ, представленный универсальным именем символа "\u00F2", невозможно представить в текущей кодовой странице (1251)
C:\Users\Misha\Desktop\FIT\OAIP\labs\Lab_16\Dop_V11\Dop_V11.cpp(95,12): warning C4566: символ, представленный универсальным именем символа "\u00EE", невозможно представить в текущей кодовой странице (1251)
C:\Users\Misha\Desktop\FIT\OAIP\labs\Lab_16\Dop_V11\Dop_V11.cpp(95,12): warning C4566: символ, представленный универсальным именем символа "\u00E2", невозможно представить в текущей кодовой странице (1251)
C:\Users\Misha\Desktop\FIT\OAIP\labs\Lab_16\Dop_V11\Dop_V11.cpp(95,12): warning C4566: символ, представленный универсальным именем символа "\u00E8", невозможно представить в текущей кодовой странице (1251)
C:\Users\Misha\Desktop\FIT\OAIP\labs\Lab_16\Dop_V11\Dop_V11.cpp(95,12): warning C4566: символ, представленный универсальным именем символа "\u00E6", невозможно представить в текущей кодовой странице (1251)
C:\Users\Misha\Desktop\FIT\OAIP\labs\Lab_16\Dop_V11\Dop_V11.cpp(95,12): warning C4566: символ, представленный универсальным именем символа "\u00E3", невозможно представить в текущей кодовой странице (1251)
C:\Users\Misha\Desktop\FIT\OAIP\labs\Lab_16\Dop_V11\Dop_V11.cpp(95,12): warning C4566: символ, представленный универсальным именем символа "\u00E9", невозможно представить в текущей кодовой странице (1251)
C:\Users\Misha\Desktop\FIT\OAIP\labs\Lab_16\Dop_V11\Dop_V11.cpp(95,12): warning C4566: символ, представленный универсальным именем символа "\u00E4", невозможно представить в текущей кодовой странице (1251)
C:\Users\Misha\Desktop\FIT\OAIP\labs\Lab_16\Dop_V11\Dop_V11.cpp(104,12): warning C4566: символ, представленный универсальным именем символа "\u00C2", невозможно представить в текущей кодовой странице (1251)
C:\Users\Misha\Desktop\FIT\OAIP\labs\Lab_16\Dop_V11\Dop_V11.cpp(104,12): warning C4566: символ, представленный универсальным именем символа "\u00E2", невозможно представить в текущей кодовой странице (1251)
C:\Users\Misha\Desktop\FIT\OAIP\labs\Lab_16\Dop_V11\Dop_V11.cpp(104,12): warning C4566: символ, представленный универсальным именем символа "\u00E5", невозможно представить в текущей кодовой странице (1251)
C:\Users\Misha\Desktop\FIT\OAIP\labs\Lab_16\Dop_V11\Dop_V11.cpp(104,12): warning C4566: символ, представленный универсальным именем символа "\u00E4", невозможно представить в текущей кодовой странице (1251)
C:\Users\Misha\Desktop\FIT\OAIP\labs\Lab_16\Dop_V11\Dop_V11.cpp(104,12): warning C4566: символ, представленный универсальным именем символа "\u00E8", невозможно представить в текущей кодовой странице (1251)
C:\Users\Misha\Desktop\FIT\OAIP\labs\Lab_16\Dop_V11\Dop_V11.cpp(104,12): warning C4566: символ, представленный универсальным именем символа "\u00F2", невозможно представить в текущей кодовой странице (1251)
C:\Users\Misha\Desktop\FIT\OAIP\labs\Lab_16\Dop_V11\Dop_V11.cpp(104,12): warning C4566: символ, представленный универсальным именем символа "\u00F1", невозможно представить в текущей кодовой странице (1251)
C:\Users\Misha\Desktop\FIT\OAIP\labs\Lab_16\Dop_V11\Dop_V11.cpp(104,12): warning C4566: символ, представленный универсальным именем символа "\u00F0", невозможно представить в текущей кодовой странице (1251)
C:\Users\Misha\Desktop\FIT\OAIP\labs\Lab_16\Dop_V11\Dop_V11.cpp(104,12): warning C4566: символ, представленный универсальным именем символа "\u00EE", невозможно представить в текущей кодовой странице (1251)
C:\Users\Misha\Desktop\FIT\OAIP\labs\Lab_16\Dop_V11\Dop_V11.cpp(104,12): warning C4566: символ, представленный универсальным именем символа "\u00EA", невозможно представить в текущей кодовой странице (1251)
C:\Users\Misha\Desktop\FIT\OAIP\labs\Lab_16\Dop_V11\Dop_V11.cpp(104,12): warning C4566: символ, представленный универсальным именем символа "\u00F3", невозможно представить в текущей кодовой странице (1251)
C:\Users\Misha\Desktop\FIT\OAIP\labs\Lab_16\Dop_V11\Dop_V11.cpp(106,14): warning C4267: =: преобразование из "size_t" в "int"; возможна потеря данных
C:\Users\Misha\Desktop\FIT\OAIP\labs\Lab_16\Dop_V11\Dop_V11.cpp(119,12): warning C4566: символ, представленный универсальным именем символа "\u00C2", невозможно представить в текущей кодовой странице (1251)
C:\Users\Misha\Desktop\FIT\OAIP\labs\Lab_16\Dop_V11\Dop_V11.cpp(119,12): warning C4566: символ, представленный универсальным именем символа "\u00FB", невозможно представить в текущей кодовой странице (1251)
C:\Users\Misha\Desktop\FIT\OAIP\labs\Lab_16\Dop_V11\Dop_V11.cpp(119,12): warning C4566: символ, представленный универсальным именем символа "\u00E2", невозможно представить в текущей кодовой странице (1251)
C:\Users\Misha\Desktop\FIT\OAIP\labs\Lab_16\Dop_V11\Dop_V11.cpp(119,12): warning C4566: символ, представленный универсальным именем символа "\u00EE", невозможно представить в текущей кодовой странице (1251)
C:\Users\Misha\Desktop\FIT\OAIP\labs\Lab_16\Dop_V11\Dop_V11.cpp(119,12): warning C4566: символ, представленный универсальным именем символа "\u00E4", невозможно представить в текущей кодовой странице (1251)
C:\Users\Misha\Desktop\FIT\OAIP\labs\Lab_16\Dop_V11\Dop_V11.cpp(119,12): warning C4566: символ, представленный универсальным именем символа "\u00F1", невозможно представить в текущей кодовой странице (1251)
C:\Users\Misha\Desktop\FIT\OAIP\labs\Lab_16\Dop_V11\Dop_V11.cpp(119,12): warning C4566: символ, представленный универсальным именем символа "\u00F2", невозможно представить в текущей кодовой странице (1251)
C:\Users\Misha\Desktop\FIT\OAIP\labs\Lab_16\Dop_V11\Dop_V11.cpp(119,12): warning C4566: символ, представленный универсальным именем символа "\u00F0", невозможно представить в текущей кодовой странице (1251)
C:\Users\Misha\Desktop\FIT\OAIP\labs\Lab_16\Dop_V11\Dop_V11.cpp(119,12): warning C4566: символ, представленный универсальным именем символа "\u00EA", невозможно представить в текущей кодовой странице (1251)
C:\Users\Misha\Desktop\FIT\OAIP\labs\Lab_16\Dop_V11\Dop_V11.cpp(119,12): warning C4566: символ, представленный универсальным именем символа "\u00E8", невозможно представить в текущей кодовой странице (1251)
  Dop_V11.vcxproj -> C:\Users\Misha\Desktop\FIT\OAIP\labs\Lab_16\x64\Debug\Dop_V11.exe
